2025-12-17 21:31:48,664 INFO: Failed login attempt for email: admin@test.com [in /Users/ishantsingh/Flask app/ticket_system/app.py:161]
2025-12-17 21:31:56,453 INFO: User admin logged in successfully. [in /Users/ishantsingh/Flask app/ticket_system/app.py:186]
2025-12-17 21:31:58,183 INFO: Admin admin accessed admin dashboard with filters: status=None, priority=None, search="None". [in /Users/ishantsingh/Flask app/ticket_system/app.py:492]
2025-12-17 21:32:02,861 INFO: Admin admin accessed admin dashboard with filters: status=, priority=, search="hungry ". [in /Users/ishantsingh/Flask app/ticket_system/app.py:492]
2025-12-17 21:32:10,086 INFO: Admin admin accessed admin dashboard with filters: status=None, priority=None, search="None". [in /Users/ishantsingh/Flask app/ticket_system/app.py:492]
2025-12-17 21:32:12,374 INFO: Admin admin accessed admin dashboard with filters: status=None, priority=None, search="None". [in /Users/ishantsingh/Flask app/ticket_system/app.py:492]
2025-12-17 21:32:16,476 INFO: User admin viewed ticket 16. [in /Users/ishantsingh/Flask app/ticket_system/app.py:423]
2025-12-17 21:32:30,452 INFO: User admin logged out. [in /Users/ishantsingh/Flask app/ticket_system/app.py:192]
2025-12-17 21:35:33,088 INFO: User admin logged in successfully. [in /Users/ishantsingh/Flask app/ticket_system/app.py:186]
2025-12-17 21:36:49,552 INFO: User admin accessed dashboard. [in /Users/ishantsingh/Flask app/ticket_system/app.py:371]
2025-12-17 21:36:53,140 INFO: Admin admin accessed admin dashboard with filters: status=None, priority=None, search="None". [in /Users/ishantsingh/Flask app/ticket_system/app.py:492]
2025-12-17 21:37:00,706 INFO: User admin viewed ticket 1. [in /Users/ishantsingh/Flask app/ticket_system/app.py:423]
2025-12-17 21:38:33,993 INFO: User admin viewed ticket 1. [in /Users/ishantsingh/Flask app/ticket_system/app.py:423]
2025-12-17 21:38:35,728 INFO: Admin admin viewed pending user approvals. [in /Users/ishantsingh/Flask app/ticket_system/app.py:502]
2025-12-17 21:39:36,512 INFO: User admin accessed dashboard. [in /Users/ishantsingh/Flask app/ticket_system/app.py:371]
2025-12-17 21:39:38,512 INFO: Admin admin accessed admin dashboard with filters: status=None, priority=None, search="None". [in /Users/ishantsingh/Flask app/ticket_system/app.py:492]
2025-12-17 21:39:39,492 INFO: Admin admin viewed pending user approvals. [in /Users/ishantsingh/Flask app/ticket_system/app.py:502]
2025-12-17 21:39:49,817 INFO: User admin accessed dashboard. [in /Users/ishantsingh/Flask app/ticket_system/app.py:371]
2025-12-17 21:39:54,275 INFO: User admin accessed dashboard. [in /Users/ishantsingh/Flask app/ticket_system/app.py:371]
2025-12-17 21:39:57,660 INFO: User admin accessed dashboard. [in /Users/ishantsingh/Flask app/ticket_system/app.py:371]
